<?xml version="1.0" encoding="UTF-8"?>
<!-- Generated by org.testng.reporters.JUnitReportReporter -->
<testsuite skipped="0" hostname="gisparan" name="aria.testframework.businessprocess.GBusinessProcess" tests="3" failures="0" timestamp="23 lug 2020 13:02:40 GMT" time="34.968" errors="0">
  <testcase name="exec" time="14.807" classname="aria.testframework.businessprocess.GBusinessProcess"/>
  <testcase name="exec" time="10.091" classname="aria.testframework.businessprocess.GBusinessProcess"/>
  <testcase name="exec" time="10.070" classname="aria.testframework.businessprocess.GBusinessProcess"/>
</testsuite> <!-- aria.testframework.businessprocess.GBusinessProcess -->
